<?xml version="1.0" encoding="UTF-8"?>
<testsuite xmlns:xsi="http://www.w3.org/2001/XMLSchema-instance" xsi:noNamespaceSchemaLocation="https://maven.apache.org/surefire/maven-surefire-plugin/xsd/surefire-test-report-3.0.xsd" version="3.0" name="com.yating.xiaolvshu.auth.XiaolvshuAuthApplicationTests" time="1.939" tests="1" errors="0" skipped="0" failures="0">
  <properties>
[...]
</properties>
  <testcase name="contextLoads" classname="com.yating.xiaolvshu.auth.XiaolvshuAuthApplicationTests" time="0.37">
    <system-out><![CDATA[15:00:08.340 [main] DEBUG org.springframework.boot.test.context.SpringBootTestContextBootstrapper - Neither @ContextConfiguration nor @ContextHierarchy found for test class [XiaolvshuAuthApplicationTests]: using SpringBootContextLoader
15:00:08.342 [main] DEBUG org.springframework.test.context.support.AbstractContextLoader - Could not detect default resource locations for test class [com.yating.xiaolvshu.auth.XiaolvshuAuthApplicationTests]: no resource found for suffixes {-context.xml, Context.groovy}.
15:00:08.343 [main] INFO org.springframework.test.context.support.AnnotationConfigContextLoaderUtils - Could not detect default configuration classes for test class [com.yating.xiaolvshu.auth.XiaolvshuAuthApplicationTests]: XiaolvshuAuthApplicationTests does not declare any static, non-private, non-final, nested classes annotated with @Configuration.
15:00:08.364 [main] DEBUG org.springframework.boot.test.context.SpringBootTestContextBootstrapper - Using ContextCustomizers for test class [XiaolvshuAuthApplicationTests]: [ExcludeFilterContextCustomizer, DuplicateJsonObjectContextCustomizer, MockitoContextCustomizer, TestRestTemplateContextCustomizer, DisableObservabilityContextCustomizer, PropertyMappingContextCustomizer, Customizer]
15:00:08.426 [main] DEBUG org.springframework.context.annotation.ClassPathScanningCandidateComponentProvider - Identified candidate component class: file [D:\GitHub\xiaolvshu\xiaolvshu-auth\target\classes\com\yating\xiaolvshu\auth\XiaolvshuAuthApplication.class]
15:00:08.427 [main] INFO org.springframework.boot.test.context.SpringBootTestContextBootstrapper - Found @SpringBootConfiguration com.yating.xiaolvshu.auth.XiaolvshuAuthApplication for test class com.yating.xiaolvshu.auth.XiaolvshuAuthApplicationTests
15:00:08.520 [main] DEBUG org.springframework.test.context.util.TestContextSpringFactoriesUtils - Skipping candidate TestExecutionListener [org.springframework.test.context.transaction.TransactionalTestExecutionListener] due to a missing dependency. Specify custom TestExecutionListener classes or make the default TestExecutionListener classes and their required dependencies available. Offending class: [org/springframework/transaction/interceptor/TransactionAttributeSource]
15:00:08.521 [main] DEBUG org.springframework.test.context.util.TestContextSpringFactoriesUtils - Skipping candidate TestExecutionListener [org.springframework.test.context.jdbc.SqlScriptsTestExecutionListener] due to a missing dependency. Specify custom TestExecutionListener classes or make the default TestExecutionListener classes and their required dependencies available. Offending class: [org/springframework/transaction/interceptor/TransactionAttribute]
15:00:08.522 [main] DEBUG org.springframework.boot.test.context.SpringBootTestContextBootstrapper - Using TestExecutionListeners for test class [XiaolvshuAuthApplicationTests]: [ServletTestExecutionListener, DirtiesContextBeforeModesTestExecutionListener, ApplicationEventsTestExecutionListener, MockitoTestExecutionListener, DependencyInjectionTestExecutionListener, DirtiesContextTestExecutionListener, EventPublishingTestExecutionListener, ResetMocksTestExecutionListener, RestDocsTestExecutionListener, MockRestServiceServerResetTestExecutionListener, MockMvcPrintOnlyOnFailureTestExecutionListener, WebDriverTestExecutionListener, MockWebServiceServerTestExecutionListener]
15:00:08.524 [main] DEBUG org.springframework.test.context.support.AbstractDirtiesContextTestExecutionListener - Before test class: class [XiaolvshuAuthApplicationTests], class annotated with @DirtiesContext [false] with mode [null]

  .   ____          _            __ _ _
 /\\ / ___'_ __ _ _(_)_ __  __ _ \ \ \ \
( ( )\___ | '_ | '_| | '_ \/ _` | \ \ \ \
 \\/  ___)| |_)| | | | | || (_| |  ) ) ) )
  '  |____| .__|_| |_|_| |_\__, | / / / /
 =========|_|==============|___/=/_/_/_/
 :: Spring Boot ::                (v3.0.2)

2026-03-02T15:00:08.791+08:00  INFO 30748 --- [           main] c.y.x.a.XiaolvshuAuthApplicationTests    : Starting XiaolvshuAuthApplicationTests using Java 17.0.18 with PID 30748 (started by 26076 in D:\GitHub\xiaolvshu\xiaolvshu-auth)
2026-03-02T15:00:08.792+08:00  INFO 30748 --- [           main] c.y.x.a.XiaolvshuAuthApplicationTests    : No active profile set, falling back to 1 default profile: "default"
2026-03-02T15:00:09.751+08:00  INFO 30748 --- [           main] c.y.x.a.XiaolvshuAuthApplicationTests    : Started XiaolvshuAuthApplicationTests in 1.19 seconds (process running for 2.055)
]]></system-out>
  </testcase>
</testsuite>