<?xml version="1.0" encoding="UTF-8"?>
<testsuite xmlns:xsi="http://www.w3.org/2001/XMLSchema-instance" xsi:noNamespaceSchemaLocation="https://maven.apache.org/surefire/maven-surefire-plugin/xsd/surefire-test-report-3.0.xsd" version="3.0" name="com.yating.xiaolvshu.auth.DruidTests" time="6.008" tests="1" errors="0" skipped="0" failures="0">
  <properties>
[...]
</properties>
  <testcase name="testEncodePassword" classname="com.yating.xiaolvshu.auth.DruidTests" time="0.702">
    <system-out><![CDATA[20:37:15.333 [main] DEBUG org.springframework.boot.test.context.SpringBootTestContextBootstrapper - Neither @ContextConfiguration nor @ContextHierarchy found for test class [DruidTests]: using SpringBootContextLoader
20:37:15.341 [main] DEBUG org.springframework.test.context.support.AbstractContextLoader - Could not detect default resource locations for test class [com.yating.xiaolvshu.auth.DruidTests]: no resource found for suffixes {-context.xml, Context.groovy}.
20:37:15.343 [main] INFO org.springframework.test.context.support.AnnotationConfigContextLoaderUtils - Could not detect default configuration classes for test class [com.yating.xiaolvshu.auth.DruidTests]: DruidTests does not declare any static, non-private, non-final, nested classes annotated with @Configuration.
20:37:15.387 [main] DEBUG org.springframework.boot.test.context.SpringBootTestContextBootstrapper - Using ContextCustomizers for test class [DruidTests]: [ExcludeFilterContextCustomizer, DuplicateJsonObjectContextCustomizer, MockitoContextCustomizer, TestRestTemplateContextCustomizer, DisableObservabilityContextCustomizer, PropertyMappingContextCustomizer, Customizer]
20:37:15.483 [main] DEBUG org.springframework.context.annotation.ClassPathScanningCandidateComponentProvider - Identified candidate component class: file [D:\GitHub\xiaolvshu\xiaolvshu-auth\target\classes\com\yating\xiaolvshu\auth\XiaolvshuAuthApplication.class]
20:37:15.485 [main] INFO org.springframework.boot.test.context.SpringBootTestContextBootstrapper - Found @SpringBootConfiguration com.yating.xiaolvshu.auth.XiaolvshuAuthApplication for test class com.yating.xiaolvshu.auth.DruidTests
20:37:15.605 [main] DEBUG org.springframework.boot.test.context.SpringBootTestContextBootstrapper - Using TestExecutionListeners for test class [DruidTests]: [ServletTestExecutionListener, DirtiesContextBeforeModesTestExecutionListener, ApplicationEventsTestExecutionListener, MockitoTestExecutionListener, DependencyInjectionTestExecutionListener, DirtiesContextTestExecutionListener, TransactionalTestExecutionListener, SqlScriptsTestExecutionListener, EventPublishingTestExecutionListener, ResetMocksTestExecutionListener, RestDocsTestExecutionListener, MockRestServiceServerResetTestExecutionListener, MockMvcPrintOnlyOnFailureTestExecutionListener, WebDriverTestExecutionListener, MockWebServiceServerTestExecutionListener]
20:37:15.607 [main] DEBUG org.springframework.test.context.support.AbstractDirtiesContextTestExecutionListener - Before test class: class [DruidTests], class annotated with @DirtiesContext [false] with mode [null]

  .   ____          _            __ _ _
 /\\ / ___'_ __ _ _(_)_ __  __ _ \ \ \ \
( ( )\___ | '_ | '_| | '_ \/ _` | \ \ \ \
 \\/  ___)| |_)| | | | | || (_| |  ) ) ) )
  '  |____| .__|_| |_|_| |_\__, | / / / /
 =========|_|==============|___/=/_/_/_/
 :: Spring Boot ::                (v3.0.2)

2026-03-05T20:37:16.144+08:00  INFO 22700 --- [           main] com.yating.xiaolvshu.auth.DruidTests     : Starting DruidTests using Java 17.0.18 with PID 22700 (started by 26076 in D:\GitHub\xiaolvshu\xiaolvshu-auth)
2026-03-05T20:37:16.146+08:00  INFO 22700 --- [           main] com.yating.xiaolvshu.auth.DruidTests     : The following 1 profile is active: "dev"
2026-03-05T20:37:17.115+08:00  INFO 22700 --- [           main] .s.d.r.c.RepositoryConfigurationDelegate : Multiple Spring Data modules found, entering strict repository configuration mode
2026-03-05T20:37:17.122+08:00  INFO 22700 --- [           main] .s.d.r.c.RepositoryConfigurationDelegate : Bootstrapping Spring Data Redis repositories in DEFAULT mode.
2026-03-05T20:37:17.185+08:00  INFO 22700 --- [           main] .s.d.r.c.RepositoryConfigurationDelegate : Finished Spring Data repository scanning in 19 ms. Found 0 Redis repository interfaces.
2026-03-05T20:37:17.854+08:00  INFO 22700 --- [           main] c.a.d.s.b.a.DruidDataSourceAutoConfigure : Init DruidDataSource
2026-03-05T20:37:18.463+08:00  INFO 22700 --- [           main] com.alibaba.druid.pool.DruidDataSource   : {dataSource-1} inited
____ ____    ___ ____ _  _ ____ _  _ 
[__  |__| __  |  |  | |_/  |___ |\ | 
___] |  |     |  |__| | \_ |___ | \| 
https://sa-token.cc (v1.38.0)
&amp#27;[32mSA [INFO] -->: 全局配置 SaTokenConfig [tokenName=satoken, timeout=2592000, activeTimeout=-1, dynamicActiveTimeout=false, isConcurrent=true, isShare=true, maxLoginCount=12, maxTryTimes=12, isReadBody=true, isReadHeader=true, isReadCookie=true, isWriteHeader=false, tokenStyle=uuid, dataRefreshPeriod=30, tokenSessionCheckLogin=true, autoRenew=true, tokenPrefix=null, isPrint=true, isLog=true, logLevel=trace, logLevelInt=1, isColorLog=true, jwtSecretKey=null, httpBasic=, httpDigest=, currDomain=null, sameTokenTimeout=86400, checkSameToken=false, cookie=SaCookieConfig [domain=null, path=null, secure=false, httpOnly=false, sameSite=null], sign=SaSignConfig [secretKey=null, timestampDisparity=900000]] &amp#27;[39m
&amp#27;[32mSA [INFO] -->: 全局组件 SaJsonTemplate 载入成功: cn.dev33.satoken.spring.json.SaJsonTemplateForJackson&amp#27;[39m
&amp#27;[32mSA [INFO] -->: 全局组件 SaTokenContext 载入成功: cn.dev33.satoken.spring.SaTokenContextForSpringInJakartaServlet&amp#27;[39m
&amp#27;[32mSA [INFO] -->: 全局组件 SaTokenDao 载入成功: cn.dev33.satoken.dao.SaTokenDaoRedisJackson&amp#27;[39m
2026-03-05T20:37:20.342+08:00  INFO 22700 --- [           main] com.yating.xiaolvshu.auth.DruidTests     : Started DruidTests in 4.694 seconds (process running for 5.98)
2026-03-05T20:37:20.993+08:00  INFO 22700 --- [           main] com.yating.xiaolvshu.auth.DruidTests     : privateKey:MIIBUwIBADANBgkqhkiG9w0BAQEFAASCAT0wggE5AgEAAkEAlCnbFtvvU6Al5LU0VafWIkD4ckN8aZvp5sEgllksvv8CAjjTiL2i9EgrMtQlpCgcjZtMBo+hmGDxgDRcL30W5QIDAQABAkAEZcZNbuNdwYvuYQcidbP62fUl0GVMbdFq78IrruOPmvkuPHv94aLghqplIvva/HGAVqSDDhFRI0AFKz08nOO/AiEA8q9C/oxEibJTV9wRKNKBdcEr+kMUQi9nuTIr4t4xp2cCIQCcSvRPdyMUoUdrjEbAG422pGgwOKsp0YcHbEpxqO3b0wIgDGXPsllQFwi5IT/o0IEQhAd+S6apnkf1sIxTmZ9oQfkCIFhQYkyk3UXC/EBhO3lCGImjzNuyqcUviEVBg69F7WHRAiA2VXPSyPGt2RREuJ9XWoeb+kltnBdkh2O5GZS0M3KTug==
2026-03-05T20:37:20.997+08:00  INFO 22700 --- [           main] com.yating.xiaolvshu.auth.DruidTests     : publicKey:MFwwDQYJKoZIhvcNAQEBBQADSwAwSAJBAJQp2xbb71OgJeS1NFWn1iJA+HJDfGmb6ebBIJZZLL7/AgI404i9ovRIKzLUJaQoHI2bTAaPoZhg8YA0XC99FuUCAwEAAQ==
2026-03-05T20:37:21.038+08:00  INFO 22700 --- [           main] com.yating.xiaolvshu.auth.DruidTests     : password: cgt2jVsirZe0MyiFMDLE8oRP3J4NS9wLwlrvYvmnou+EdVOJPec0YriUJk9bMiaWF0Cv508Oj4CV6q07j+tK/A==
]]></system-out>
  </testcase>
</testsuite>